Demo/build/intermediates/manifest_merge_blame_file/commonMic4_lineVtnDebug/manifest-merger-blame-common-mic4_line-vtn-debug-report.txt
1<?xml version="1.0" encoding="utf-8"?>
2<manifest xmlns:android="http://schemas.android.com/apk/res/android"
3    package="com.iflytek.cae"
4    android:versionCode="1"
5    android:versionName="1.0" >
6
7    <uses-sdk
8        android:minSdkVersion="19"
8-->src\main\AndroidManifest.xml
9        android:targetSdkVersion="26" />
9-->src\main\AndroidManifest.xml
10
11    <uses-permission android:name="android.permission.INTERNET" />
11-->src\main\AndroidManifest.xml:5:5-67
11-->src\main\AndroidManifest.xml:5:22-64
12    <uses-permission android:name="android.permission.ACCESS_NETWORK_STATE" />
12-->src\main\AndroidManifest.xml:6:5-79
12-->src\main\AndroidManifest.xml:6:22-76
13    <uses-permission android:name="android.permission.ACCESS_WIFI_STATE" />
13-->src\main\AndroidManifest.xml:7:5-76
13-->src\main\AndroidManifest.xml:7:22-73
14    <uses-permission android:name="android.permission.CHANGE_NETWORK_STATE" />
14-->src\main\AndroidManifest.xml:8:5-79
14-->src\main\AndroidManifest.xml:8:22-76
15    <uses-permission android:name="android.permission.READ_PHONE_STATE" />
15-->src\main\AndroidManifest.xml:9:5-75
15-->src\main\AndroidManifest.xml:9:22-72
16    <uses-permission android:name="android.permission.ACCESS_FINE_LOCATION" />
16-->src\main\AndroidManifest.xml:10:5-79
16-->src\main\AndroidManifest.xml:10:22-76
17    <uses-permission android:name="android.permission.READ_EXTERNAL_STORAGE" />
17-->src\main\AndroidManifest.xml:11:5-79
17-->src\main\AndroidManifest.xml:11:22-77
18    <uses-permission android:name="android.permission.WRITE_EXTERNAL_STORAGE" />
18-->src\main\AndroidManifest.xml:12:5-80
18-->src\main\AndroidManifest.xml:12:22-78
19    <uses-permission android:name="android.permission.RECORD_AUDIO" />
19-->src\main\AndroidManifest.xml:13:5-71
19-->src\main\AndroidManifest.xml:13:22-68
20    <uses-permission android:name="android.permission.MODIFY_AUDIO_SETTINGS" />
20-->src\main\AndroidManifest.xml:14:5-80
20-->src\main\AndroidManifest.xml:14:22-77
21    <uses-permission android:name="android.permission.WRITE_SETTINGS" />
21-->src\main\AndroidManifest.xml:15:5-73
21-->src\main\AndroidManifest.xml:15:22-70
22
23    <!-- 排序系统任务权限	重新排序系统Z轴运行中的任务，进行应用的切换 -->
24    <uses-permission android:name="android.permission.REORDER_TASKS" />
24-->src\main\AndroidManifest.xml:18:5-72
24-->src\main\AndroidManifest.xml:18:22-69
25
26    <application
26-->src\main\AndroidManifest.xml:21:5-37:19
27        android:name="android.support.multidex.MultiDexApplication"
28        android:allowBackup="true"
28-->src\main\AndroidManifest.xml:22:9-35
29        android:debuggable="true"
30        android:icon="@mipmap/ic_launcher"
30-->src\main\AndroidManifest.xml:23:9-43
31        android:label="@string/app_name"
31-->src\main\AndroidManifest.xml:24:9-41
32        android:roundIcon="@mipmap/ic_launcher_round"
32-->src\main\AndroidManifest.xml:25:9-54
33        android:supportsRtl="true"
33-->src\main\AndroidManifest.xml:26:9-35
34        android:testOnly="true"
35        android:theme="@style/AppTheme" >
35-->src\main\AndroidManifest.xml:27:9-40
36        <activity android:name="com.iflytek.ai.Demo" >
36-->src\main\AndroidManifest.xml:30:9-36:20
36-->src\main\AndroidManifest.xml:30:19-53
37            <intent-filter>
37-->src\main\AndroidManifest.xml:31:13-35:29
38                <action android:name="android.intent.action.MAIN" />
38-->src\main\AndroidManifest.xml:32:17-69
38-->src\main\AndroidManifest.xml:32:25-66
39
40                <category android:name="android.intent.category.LAUNCHER" />
40-->src\main\AndroidManifest.xml:34:17-77
40-->src\main\AndroidManifest.xml:34:27-74
41            </intent-filter>
42        </activity>
43
44        <meta-data
44-->[com.android.support:appcompat-v7:26.0.0] AndroidManifest.xml:26:9-28:38
45            android:name="android.support.VERSION"
45-->[com.android.support:appcompat-v7:26.0.0] AndroidManifest.xml:27:13-51
46            android:value="26.0.0" />
46-->[com.android.support:appcompat-v7:26.0.0] AndroidManifest.xml:28:13-35
47    </application>
48
49</manifest>